# JRE version: OpenJDK Runtime Environment (11.0.12+7) (build 11.0.12+7-b1504.28-7817840)
# Java VM: OpenJDK 64-Bit Server VM (11.0.12+7-b1504.28-7817840, mixed mode, tiered, compressed oops, g1 gc, windows-amd64)
Heap:
 garbage-first heap   total 324608K, used 133916K [0x00000006e0000000, 0x0000000800000000)
  region size 1024K, 12 young (12288K), 10 survivors (10240K)
 Metaspace       used 104535K, capacity 107140K, committed 107264K, reserved 1142784K
  class space    used 13361K, capacity 14306K, committed 14412K, reserved 1048576K
GC Heap History (20 events):
Event: 13.045 GC heap before
{Heap before GC invocations=14 (full 0):
 garbage-first heap   total 187392K, used 81838K [0x00000006e0000000, 0x0000000800000000)
  region size 1024K, 16 young (16384K), 11 survivors (11264K)
 Metaspace       used 58456K, capacity 60135K, committed 60288K, reserved 1101824K
  class space    used 7472K, capacity 8070K, committed 8140K, reserved 1048576K
}
Event: 13.065 GC heap after
{Heap after GC invocations=15 (full 0):
 garbage-first heap   total 187392K, used 79828K [0x00000006e0000000, 0x0000000800000000)
  region size 1024K, 2 young (2048K), 2 survivors (2048K)
 Metaspace       used 58456K, capacity 60135K, committed 60288K, reserved 1101824K
  class space    used 7472K, capacity 8070K, committed 8140K, reserved 1048576K
}
Event: 13.922 GC heap before
{Heap before GC invocations=16 (full 0):
 garbage-first heap   total 187392K, used 119764K [0x00000006e0000000, 0x0000000800000000)
  region size 1024K, 42 young (43008K), 2 survivors (2048K)
 Metaspace       used 63677K, capacity 65446K, committed 65536K, reserved 1105920K
  class space    used 8119K, capacity 8730K, committed 8780K, reserved 1048576K
}
Event: 13.933 GC heap after
{Heap after GC invocations=17 (full 0):
 garbage-first heap   total 225280K, used 82096K [0x00000006e0000000, 0x0000000800000000)
  region size 1024K, 4 young (4096K), 4 survivors (4096K)
 Metaspace       used 63677K, capacity 65446K, committed 65536K, reserved 1105920K
  class space    used 8119K, capacity 8730K, committed 8780K, reserved 1048576K
}
Event: 15.357 GC heap before
{Heap before GC invocations=18 (full 0):
 garbage-first heap   total 225280K, used 143536K [0x00000006e0000000, 0x0000000800000000)
  region size 1024K, 64 young (65536K), 4 survivors (4096K)
 Metaspace       used 69096K, capacity 70936K, committed 71168K, reserved 1112064K
  class space    used 8818K, capacity 9483K, committed 9548K, reserved 1048576K
}
Event: 15.377 GC heap after
{Heap after GC invocations=19 (full 0):
 garbage-first heap   total 225280K, used 85155K [0x00000006e0000000, 0x0000000800000000)
  region size 1024K, 7 young (7168K), 7 survivors (7168K)
 Metaspace       used 69096K, capacity 70936K, committed 71168K, reserved 1112064K
  class space    used 8818K, capacity 9483K, committed 9548K, reserved 1048576K
}
Event: 16.597 GC heap before
{Heap before GC invocations=19 (full 0):
 garbage-first heap   total 225280K, used 150691K [0x00000006e0000000, 0x0000000800000000)
  region size 1024K, 71 young (72704K), 7 survivors (7168K)
 Metaspace       used 72282K, capacity 74255K, committed 74496K, reserved 1114112K
  class space    used 9218K, capacity 9947K, committed 10060K, reserved 1048576K
}
Event: 16.618 GC heap after
{Heap after GC invocations=20 (full 0):
 garbage-first heap   total 225280K, used 90240K [0x00000006e0000000, 0x0000000800000000)
  region size 1024K, 9 young (9216K), 9 survivors (9216K)
 Metaspace       used 72282K, capacity 74255K, committed 74496K, reserved 1114112K
  class space    used 9218K, capacity 9947K, committed 10060K, reserved 1048576K
}
Event: 18.211 GC heap before
{Heap before GC invocations=20 (full 0):
 garbage-first heap   total 225280K, used 156800K [0x00000006e0000000, 0x0000000800000000)
  region size 1024K, 74 young (75776K), 9 survivors (9216K)
 Metaspace       used 78961K, capacity 81008K, committed 81152K, reserved 1120256K
  class space    used 10272K, capacity 11028K, committed 11084K, reserved 1048576K
}
Event: 18.234 GC heap after
{Heap after GC invocations=21 (full 0):
 garbage-first heap   total 225280K, used 94698K [0x00000006e0000000, 0x0000000800000000)
  region size 1024K, 10 young (10240K), 10 survivors (10240K)
 Metaspace       used 78961K, capacity 81008K, committed 81152K, reserved 1120256K
  class space    used 10272K, capacity 11028K, committed 11084K, reserved 1048576K
}
Event: 19.694 GC heap before
{Heap before GC invocations=21 (full 0):
 garbage-first heap   total 225280K, used 172522K [0x00000006e0000000, 0x0000000800000000)
  region size 1024K, 77 young (78848K), 10 survivors (10240K)
 Metaspace       used 83199K, capacity 85424K, committed 85632K, reserved 1124352K
  class space    used 10845K, capacity 11669K, committed 11724K, reserved 1048576K
}
Event: 19.727 GC heap after
{Heap after GC invocations=22 (full 0):
 garbage-first heap   total 270336K, used 111759K [0x00000006e0000000, 0x0000000800000000)
  region size 1024K, 10 young (10240K), 10 survivors (10240K)
 Metaspace       used 83199K, capacity 85424K, committed 85632K, reserved 1124352K
  class space    used 10845K, capacity 11669K, committed 11724K, reserved 1048576K
}
Event: 22.238 GC heap before
{Heap before GC invocations=22 (full 0):
 garbage-first heap   total 270336K, used 197775K [0x00000006e0000000, 0x0000000800000000)
  region size 1024K, 94 young (96256K), 10 survivors (10240K)
 Metaspace       used 92954K, capacity 95167K, committed 95232K, reserved 1132544K
  class space    used 12052K, capacity 12867K, committed 12876K, reserved 1048576K
}
Event: 22.263 GC heap after
{Heap after GC invocations=23 (full 0):
 garbage-first heap   total 270336K, used 117250K [0x00000006e0000000, 0x0000000800000000)
  region size 1024K, 5 young (5120K), 5 survivors (5120K)
 Metaspace       used 92954K, capacity 95167K, committed 95232K, reserved 1132544K
  class space    used 12052K, capacity 12867K, committed 12876K, reserved 1048576K
}
Event: 24.561 GC heap before
{Heap before GC invocations=23 (full 0):
 garbage-first heap   total 270336K, used 202242K [0x00000006e0000000, 0x0000000800000000)
  region size 1024K, 89 young (91136K), 5 survivors (5120K)
 Metaspace       used 96544K, capacity 98943K, committed 99072K, reserved 1134592K
  class space    used 12432K, capacity 13318K, committed 13388K, reserved 1048576K
}
Event: 24.588 GC heap after
{Heap after GC invocations=24 (full 0):
 garbage-first heap   total 270336K, used 123666K [0x00000006e0000000, 0x0000000800000000)
  region size 1024K, 12 young (12288K), 12 survivors (12288K)
 Metaspace       used 96544K, capacity 98943K, committed 99072K, reserved 1134592K
  class space    used 12432K, capacity 13318K, committed 13388K, reserved 1048576K
}
Event: 26.463 GC heap before
{Heap before GC invocations=24 (full 0):
 garbage-first heap   total 270336K, used 207634K [0x00000006e0000000, 0x0000000800000000)
  region size 1024K, 95 young (97280K), 12 survivors (12288K)
 Metaspace       used 98724K, capacity 101167K, committed 101376K, reserved 1136640K
  class space    used 12664K, capacity 13582K, committed 13644K, reserved 1048576K
}
Event: 26.495 GC heap after
{Heap after GC invocations=25 (full 0):
 garbage-first heap   total 270336K, used 128469K [0x00000006e0000000, 0x0000000800000000)
  region size 1024K, 6 young (6144K), 6 survivors (6144K)
 Metaspace       used 98724K, capacity 101167K, committed 101376K, reserved 1136640K
  class space    used 12664K, capacity 13582K, committed 13644K, reserved 1048576K
}
Event: 28.096 GC heap before
{Heap before GC invocations=25 (full 0):
 garbage-first heap   total 270336K, used 213461K [0x00000006e0000000, 0x0000000800000000)
  region size 1024K, 89 young (91136K), 6 survivors (6144K)
 Metaspace       used 104454K, capacity 107093K, committed 107264K, reserved 1142784K
  class space    used 13353K, capacity 14296K, committed 14412K, reserved 1048576K
}
Event: 28.120 GC heap after
{Heap after GC invocations=26 (full 0):
 garbage-first heap   total 324608K, used 132892K [0x00000006e0000000, 0x0000000800000000)
  region size 1024K, 10 young (10240K), 10 survivors (10240K)
 Metaspace       used 104454K, capacity 107093K, committed 107264K, reserved 1142784K
  class space    used 13353K, capacity 14296K, committed 14412K, reserved 1048576K
}

