# JRE version: OpenJDK Runtime Environment (11.0.12+7) (build 11.0.12+7-b1504.28-7817840)
# Java VM: OpenJDK 64-Bit Server VM (11.0.12+7-b1504.28-7817840, mixed mode, tiered, compressed oops, g1 gc, windows-amd64)
Heap:
 garbage-first heap   total 155648K, used 80021K [0x0000000080000000, 0x0000000100000000)
  region size 1024K, 4 young (4096K), 3 survivors (3072K)
 Metaspace       used 56255K, capacity 57918K, committed 58188K, reserved 1099776K
  class space    used 7287K, capacity 7902K, committed 8012K, reserved 1048576K
GC Heap History (20 events):
Event: 12.607 GC heap before
{Heap before GC invocations=6 (full 0):
 garbage-first heap   total 129024K, used 67353K [0x0000000080000000, 0x0000000100000000)
  region size 1024K, 51 young (52224K), 2 survivors (2048K)
 Metaspace       used 25833K, capacity 26514K, committed 26624K, reserved 1073152K
  class space    used 3330K, capacity 3538K, committed 3584K, reserved 1048576K
}
Event: 12.617 GC heap after
{Heap after GC invocations=7 (full 0):
 garbage-first heap   total 129024K, used 19005K [0x0000000080000000, 0x0000000100000000)
  region size 1024K, 4 young (4096K), 4 survivors (4096K)
 Metaspace       used 25833K, capacity 26514K, committed 26624K, reserved 1073152K
  class space    used 3330K, capacity 3538K, committed 3584K, reserved 1048576K
}
Event: 13.790 GC heap before
{Heap before GC invocations=7 (full 0):
 garbage-first heap   total 129024K, used 89661K [0x0000000080000000, 0x0000000100000000)
  region size 1024K, 63 young (64512K), 4 survivors (4096K)
 Metaspace       used 31189K, capacity 32075K, committed 32256K, reserved 1077248K
  class space    used 4183K, capacity 4497K, committed 4608K, reserved 1048576K
}
Event: 13.802 GC heap after
{Heap after GC invocations=8 (full 0):
 garbage-first heap   total 129024K, used 34776K [0x0000000080000000, 0x0000000100000000)
  region size 1024K, 8 young (8192K), 8 survivors (8192K)
 Metaspace       used 31189K, capacity 32075K, committed 32256K, reserved 1077248K
  class space    used 4183K, capacity 4497K, committed 4608K, reserved 1048576K
}
Event: 14.515 GC heap before
{Heap before GC invocations=8 (full 0):
 garbage-first heap   total 129024K, used 58328K [0x0000000080000000, 0x0000000100000000)
  region size 1024K, 32 young (32768K), 8 survivors (8192K)
 Metaspace       used 34847K, capacity 35781K, committed 35840K, reserved 1081344K
  class space    used 4648K, capacity 4987K, committed 4992K, reserved 1048576K
}
Event: 14.535 GC heap after
{Heap after GC invocations=9 (full 0):
 garbage-first heap   total 129024K, used 36527K [0x0000000080000000, 0x0000000100000000)
  region size 1024K, 2 young (2048K), 2 survivors (2048K)
 Metaspace       used 34847K, capacity 35781K, committed 35840K, reserved 1081344K
  class space    used 4648K, capacity 4987K, committed 4992K, reserved 1048576K
}
Event: 15.562 GC heap before
{Heap before GC invocations=10 (full 0):
 garbage-first heap   total 129024K, used 84655K [0x0000000080000000, 0x0000000100000000)
  region size 1024K, 46 young (47104K), 2 survivors (2048K)
 Metaspace       used 40859K, capacity 41893K, committed 41932K, reserved 1085440K
  class space    used 5205K, capacity 5572K, committed 5580K, reserved 1048576K
}
Event: 15.574 GC heap after
{Heap after GC invocations=11 (full 0):
 garbage-first heap   total 129024K, used 40395K [0x0000000080000000, 0x0000000100000000)
  region size 1024K, 6 young (6144K), 6 survivors (6144K)
 Metaspace       used 40859K, capacity 41893K, committed 41932K, reserved 1085440K
  class space    used 5205K, capacity 5572K, committed 5580K, reserved 1048576K
}
Event: 16.625 GC heap before
{Heap before GC invocations=11 (full 0):
 garbage-first heap   total 129024K, used 89547K [0x0000000080000000, 0x0000000100000000)
  region size 1024K, 50 young (51200K), 6 survivors (6144K)
 Metaspace       used 44346K, capacity 45485K, committed 45644K, reserved 1089536K
  class space    used 5721K, capacity 6164K, committed 6220K, reserved 1048576K
}
Event: 16.640 GC heap after
{Heap after GC invocations=12 (full 0):
 garbage-first heap   total 129024K, used 47421K [0x0000000080000000, 0x0000000100000000)
  region size 1024K, 4 young (4096K), 4 survivors (4096K)
 Metaspace       used 44346K, capacity 45485K, committed 45644K, reserved 1089536K
  class space    used 5721K, capacity 6164K, committed 6220K, reserved 1048576K
}
Event: 17.481 GC heap before
{Heap before GC invocations=12 (full 0):
 garbage-first heap   total 129024K, used 91453K [0x0000000080000000, 0x0000000100000000)
  region size 1024K, 47 young (48128K), 4 survivors (4096K)
 Metaspace       used 46691K, capacity 47917K, committed 48204K, reserved 1091584K
  class space    used 5941K, capacity 6373K, committed 6476K, reserved 1048576K
}
Event: 17.493 GC heap after
{Heap after GC invocations=13 (full 0):
 garbage-first heap   total 129024K, used 50792K [0x0000000080000000, 0x0000000100000000)
  region size 1024K, 6 young (6144K), 6 survivors (6144K)
 Metaspace       used 46691K, capacity 47917K, committed 48204K, reserved 1091584K
  class space    used 5941K, capacity 6373K, committed 6476K, reserved 1048576K
}
Event: 18.398 GC heap before
{Heap before GC invocations=13 (full 0):
 garbage-first heap   total 129024K, used 98920K [0x0000000080000000, 0x0000000100000000)
  region size 1024K, 49 young (50176K), 6 survivors (6144K)
 Metaspace       used 49901K, capacity 51320K, committed 51660K, reserved 1093632K
  class space    used 6476K, capacity 7018K, committed 7116K, reserved 1048576K
}
Event: 18.415 GC heap after
{Heap after GC invocations=14 (full 0):
 garbage-first heap   total 155648K, used 57877K [0x0000000080000000, 0x0000000100000000)
  region size 1024K, 6 young (6144K), 6 survivors (6144K)
 Metaspace       used 49901K, capacity 51320K, committed 51660K, reserved 1093632K
  class space    used 6476K, capacity 7018K, committed 7116K, reserved 1048576K
}
Event: 19.709 GC heap before
{Heap before GC invocations=14 (full 0):
 garbage-first heap   total 155648K, used 114197K [0x0000000080000000, 0x0000000100000000)
  region size 1024K, 56 young (57344K), 6 survivors (6144K)
 Metaspace       used 51745K, capacity 53231K, committed 53324K, reserved 1095680K
  class space    used 6662K, capacity 7216K, committed 7244K, reserved 1048576K
}
Event: 19.726 GC heap after
{Heap after GC invocations=15 (full 0):
 garbage-first heap   total 155648K, used 71969K [0x0000000080000000, 0x0000000100000000)
  region size 1024K, 7 young (7168K), 7 survivors (7168K)
 Metaspace       used 51745K, capacity 53231K, committed 53324K, reserved 1095680K
  class space    used 6662K, capacity 7216K, committed 7244K, reserved 1048576K
}
Event: 20.713 GC heap before
{Heap before GC invocations=15 (full 0):
 garbage-first heap   total 155648K, used 119073K [0x0000000080000000, 0x0000000100000000)
  region size 1024K, 51 young (52224K), 7 survivors (7168K)
 Metaspace       used 54724K, capacity 56258K, committed 56396K, reserved 1097728K
  class space    used 7142K, capacity 7693K, committed 7756K, reserved 1048576K
}
Event: 20.726 GC heap after
{Heap after GC invocations=16 (full 0):
 garbage-first heap   total 155648K, used 78268K [0x0000000080000000, 0x0000000100000000)
  region size 1024K, 4 young (4096K), 4 survivors (4096K)
 Metaspace       used 54724K, capacity 56258K, committed 56396K, reserved 1097728K
  class space    used 7142K, capacity 7693K, committed 7756K, reserved 1048576K
}
Event: 284.691 GC heap before
{Heap before GC invocations=16 (full 0):
 garbage-first heap   total 155648K, used 121276K [0x0000000080000000, 0x0000000100000000)
  region size 1024K, 46 young (47104K), 4 survivors (4096K)
 Metaspace       used 56255K, capacity 57918K, committed 58188K, reserved 1099776K
  class space    used 7287K, capacity 7902K, committed 8012K, reserved 1048576K
}
Event: 284.711 GC heap after
{Heap after GC invocations=17 (full 0):
 garbage-first heap   total 155648K, used 80021K [0x0000000080000000, 0x0000000100000000)
  region size 1024K, 3 young (3072K), 3 survivors (3072K)
 Metaspace       used 56255K, capacity 57918K, committed 58188K, reserved 1099776K
  class space    used 7287K, capacity 7902K, committed 8012K, reserved 1048576K
}

