# JRE version: OpenJDK Runtime Environment (11.0.12+7) (build 11.0.12+7-b1504.28-7817840)
# Java VM: OpenJDK 64-Bit Server VM (11.0.12+7-b1504.28-7817840, mixed mode, tiered, compressed oops, g1 gc, windows-amd64)
Heap:
 garbage-first heap   total 270336K, used 122753K [0x00000006e0000000, 0x0000000800000000)
  region size 1024K, 42 young (43008K), 5 survivors (5120K)
 Metaspace       used 89607K, capacity 91742K, committed 92032K, reserved 1128448K
  class space    used 11561K, capacity 12352K, committed 12416K, reserved 1048576K
GC Heap History (20 events):
Event: 8.429 GC heap before
{Heap before GC invocations=10 (full 0):
 garbage-first heap   total 155648K, used 104577K [0x00000006e0000000, 0x0000000800000000)
  region size 1024K, 84 young (86016K), 7 survivors (7168K)
 Metaspace       used 41516K, capacity 42378K, committed 42624K, reserved 1085440K
  class space    used 5324K, capacity 5658K, committed 5760K, reserved 1048576K
}
Event: 8.453 GC heap after
{Heap after GC invocations=11 (full 0):
 garbage-first heap   total 155648K, used 29143K [0x00000006e0000000, 0x0000000800000000)
  region size 1024K, 11 young (11264K), 11 survivors (11264K)
 Metaspace       used 41516K, capacity 42378K, committed 42624K, reserved 1085440K
  class space    used 5324K, capacity 5658K, committed 5760K, reserved 1048576K
}
Event: 10.022 GC heap before
{Heap before GC invocations=11 (full 0):
 garbage-first heap   total 155648K, used 106967K [0x00000006e0000000, 0x0000000800000000)
  region size 1024K, 86 young (88064K), 11 survivors (11264K)
 Metaspace       used 47708K, capacity 48803K, committed 48896K, reserved 1091584K
  class space    used 6137K, capacity 6563K, committed 6656K, reserved 1048576K
}
Event: 10.049 GC heap after
{Heap after GC invocations=12 (full 0):
 garbage-first heap   total 187392K, used 33128K [0x00000006e0000000, 0x0000000800000000)
  region size 1024K, 10 young (10240K), 10 survivors (10240K)
 Metaspace       used 47708K, capacity 48803K, committed 48896K, reserved 1091584K
  class space    used 6137K, capacity 6563K, committed 6656K, reserved 1048576K
}
Event: 12.748 GC heap before
{Heap before GC invocations=12 (full 0):
 garbage-first heap   total 187392K, used 137576K [0x00000006e0000000, 0x0000000800000000)
  region size 1024K, 104 young (106496K), 10 survivors (10240K)
 Metaspace       used 54873K, capacity 56200K, committed 56448K, reserved 1097728K
  class space    used 6999K, capacity 7500K, committed 7552K, reserved 1048576K
}
Event: 12.776 GC heap after
{Heap after GC invocations=13 (full 0):
 garbage-first heap   total 187392K, used 52980K [0x00000006e0000000, 0x0000000800000000)
  region size 1024K, 13 young (13312K), 13 survivors (13312K)
 Metaspace       used 54873K, capacity 56200K, committed 56448K, reserved 1097728K
  class space    used 6999K, capacity 7500K, committed 7552K, reserved 1048576K
}
Event: 13.373 GC heap before
{Heap before GC invocations=13 (full 0):
 garbage-first heap   total 187392K, used 78580K [0x00000006e0000000, 0x0000000800000000)
  region size 1024K, 39 young (39936K), 13 survivors (13312K)
 Metaspace       used 58760K, capacity 60205K, committed 60288K, reserved 1101824K
  class space    used 7464K, capacity 8000K, committed 8064K, reserved 1048576K
}
Event: 13.399 GC heap after
{Heap after GC invocations=14 (full 0):
 garbage-first heap   total 187392K, used 56282K [0x00000006e0000000, 0x0000000800000000)
  region size 1024K, 2 young (2048K), 2 survivors (2048K)
 Metaspace       used 58760K, capacity 60205K, committed 60288K, reserved 1101824K
  class space    used 7464K, capacity 8000K, committed 8064K, reserved 1048576K
}
Event: 14.816 GC heap before
{Heap before GC invocations=15 (full 0):
 garbage-first heap   total 187392K, used 116698K [0x00000006e0000000, 0x0000000800000000)
  region size 1024K, 62 young (63488K), 2 survivors (2048K)
 Metaspace       used 64802K, capacity 66343K, committed 66432K, reserved 1107968K
  class space    used 8231K, capacity 8802K, committed 8832K, reserved 1048576K
}
Event: 14.832 GC heap after
{Heap after GC invocations=16 (full 0):
 garbage-first heap   total 187392K, used 60181K [0x00000006e0000000, 0x0000000800000000)
  region size 1024K, 6 young (6144K), 6 survivors (6144K)
 Metaspace       used 64802K, capacity 66343K, committed 66432K, reserved 1107968K
  class space    used 8231K, capacity 8802K, committed 8832K, reserved 1048576K
}
Event: 16.086 GC heap before
{Heap before GC invocations=17 (full 0):
 garbage-first heap   total 187392K, used 122645K [0x00000006e0000000, 0x0000000800000000)
  region size 1024K, 67 young (68608K), 6 survivors (6144K)
 Metaspace       used 68165K, capacity 69822K, committed 70016K, reserved 1110016K
  class space    used 8659K, capacity 9290K, committed 9344K, reserved 1048576K
}
Event: 16.108 GC heap after
{Heap after GC invocations=18 (full 0):
 garbage-first heap   total 225280K, used 64937K [0x00000006e0000000, 0x0000000800000000)
  region size 1024K, 5 young (5120K), 5 survivors (5120K)
 Metaspace       used 68165K, capacity 69822K, committed 70016K, reserved 1110016K
  class space    used 8659K, capacity 9290K, committed 9344K, reserved 1048576K
}
Event: 18.209 GC heap before
{Heap before GC invocations=18 (full 0):
 garbage-first heap   total 225280K, used 144809K [0x00000006e0000000, 0x0000000800000000)
  region size 1024K, 83 young (84992K), 5 survivors (5120K)
 Metaspace       used 75813K, capacity 77480K, committed 77568K, reserved 1116160K
  class space    used 9822K, capacity 10481K, committed 10496K, reserved 1048576K
}
Event: 18.231 GC heap after
{Heap after GC invocations=19 (full 0):
 garbage-first heap   total 225280K, used 69522K [0x00000006e0000000, 0x0000000800000000)
  region size 1024K, 10 young (10240K), 10 survivors (10240K)
 Metaspace       used 75813K, capacity 77480K, committed 77568K, reserved 1116160K
  class space    used 9822K, capacity 10481K, committed 10496K, reserved 1048576K
}
Event: 20.630 GC heap before
{Heap before GC invocations=19 (full 0):
 garbage-first heap   total 225280K, used 152466K [0x00000006e0000000, 0x0000000800000000)
  region size 1024K, 91 young (93184K), 10 survivors (10240K)
 Metaspace       used 83624K, capacity 85517K, committed 85632K, reserved 1124352K
  class space    used 10872K, capacity 11594K, committed 11648K, reserved 1048576K
}
Event: 20.661 GC heap after
{Heap after GC invocations=20 (full 0):
 garbage-first heap   total 225280K, used 75011K [0x00000006e0000000, 0x0000000800000000)
  region size 1024K, 11 young (11264K), 11 survivors (11264K)
 Metaspace       used 83624K, capacity 85517K, committed 85632K, reserved 1124352K
  class space    used 10872K, capacity 11594K, committed 11648K, reserved 1048576K
}
Event: 22.875 GC heap before
{Heap before GC invocations=20 (full 0):
 garbage-first heap   total 225280K, used 157955K [0x00000006e0000000, 0x0000000800000000)
  region size 1024K, 93 young (95232K), 11 survivors (11264K)
 Metaspace       used 86684K, capacity 88787K, committed 88960K, reserved 1126400K
  class space    used 11308K, capacity 12116K, committed 12160K, reserved 1048576K
}
Event: 22.914 GC heap after
{Heap after GC invocations=21 (full 0):
 garbage-first heap   total 225280K, used 81886K [0x00000006e0000000, 0x0000000800000000)
  region size 1024K, 12 young (12288K), 12 survivors (12288K)
 Metaspace       used 86684K, capacity 88787K, committed 88960K, reserved 1126400K
  class space    used 11308K, capacity 12116K, committed 12160K, reserved 1048576K
}
Event: 25.036 GC heap before
{Heap before GC invocations=21 (full 0):
 garbage-first heap   total 225280K, used 164830K [0x00000006e0000000, 0x0000000800000000)
  region size 1024K, 94 young (96256K), 12 survivors (12288K)
 Metaspace       used 89287K, capacity 91467K, committed 91776K, reserved 1128448K
  class space    used 11527K, capacity 12332K, committed 12416K, reserved 1048576K
}
Event: 25.072 GC heap after
{Heap after GC invocations=22 (full 0):
 garbage-first heap   total 270336K, used 86913K [0x00000006e0000000, 0x0000000800000000)
  region size 1024K, 5 young (5120K), 5 survivors (5120K)
 Metaspace       used 89287K, capacity 91467K, committed 91776K, reserved 1128448K
  class space    used 11527K, capacity 12332K, committed 12416K, reserved 1048576K
}

